Flutter crash report.
Please report a bug at https://github.com/flutter/flutter/issues.

## command

flutter attach

## exception

SocketException: SocketException: Send failed (OS Error: No route to host, errno = 65), address = 0.0.0.0, port = 5353

```
#0      _NativeSocket.send (dart:io-patch/socket_patch.dart:1275:34)
#1      _RawDatagramSocket.send (dart:io-patch/socket_patch.dart:2590:15)
#2      MDnsClient.lookup (package:multicast_dns/multicast_dns.dart:219:22)
#3      MDnsVmServiceDiscovery._pollingVmService (package:flutter_tools/src/mdns_discovery.dart:232:66)
<asynchronous suspension>
#4      MDnsVmServiceDiscovery.queryForAttach (package:flutter_tools/src/mdns_discovery.dart:95:56)
<asynchronous suspension>
#5      MDnsVmServiceDiscovery.getVMServiceUriForAttach (package:flutter_tools/src/mdns_discovery.dart:397:50)
<asynchronous suspension>
#6      new Stream.fromFuture.<anonymous closure> (dart:async/stream.dart:249:17)
<asynchronous suspension>
```

## flutter doctor

```
[32m[✓][39m Flutter (Channel stable, 3.24.2, on macOS 15.1.1 24B91 darwin-arm64, locale en-TH)
    [32m•[39m Flutter version 3.24.2 on channel stable at /Users/bankmini/Development/flutter
    [32m•[39m Upstream repository https://github.com/flutter/flutter.git
    [32m•[39m Framework revision 4cf269e36d (3 months ago), 2024-09-03 14:30:00 -0700
    [32m•[39m Engine revision a6bd3f1de1
    [32m•[39m Dart version 3.5.2
    [32m•[39m DevTools version 2.37.2

[32m[✓][39m Android toolchain - develop for Android devices (Android SDK version 34.0.0)
    [32m•[39m Android SDK at /Users/bankmini/Library/Android/sdk
    [32m•[39m Platform android-34-ext8, build-tools 34.0.0
    [32m•[39m Java binary at: /Applications/Android Studio.app/Contents/jbr/Contents/Home/bin/java
    [32m•[39m Java version OpenJDK Runtime Environment (build 17.0.11+0-17.0.11b1207.24-11852314)
    [32m•[39m All Android licenses accepted.

[32m[✓][39m Xcode - develop for iOS and macOS (Xcode 16.1)
    [32m•[39m Xcode at /Applications/Xcode.app/Contents/Developer
    [32m•[39m Build 16B40
    [32m•[39m CocoaPods version 1.16.2

[32m[✓][39m Chrome - develop for the web
    [32m•[39m Chrome at /Applications/Google Chrome.app/Contents/MacOS/Google Chrome

[32m[✓][39m Android Studio (version 2024.1)
    [32m•[39m Android Studio at /Applications/Android Studio.app/Contents
    [32m•[39m Flutter plugin can be installed from:
      🔨 https://plugins.jetbrains.com/plugin/9212-flutter
    [32m•[39m Dart plugin can be installed from:
      🔨 https://plugins.jetbrains.com/plugin/6351-dart
    [32m•[39m Java version OpenJDK Runtime Environment (build 17.0.11+0-17.0.11b1207.24-11852314)

[32m[✓][39m VS Code (version 1.95.3)
    [32m•[39m VS Code at /Applications/Visual Studio Code.app/Contents
    [32m•[39m Flutter extension version 3.100.0

[32m[✓][39m Connected device (7 available)
    [32m•[39m iPad Air Bank (mobile)          • 00008103-000204983CF2201E            • ios            • iOS 18.1 22B83
    [32m•[39m Tao iPhone (mobile)             • 00008030-000631480108802E            • ios            • iOS 17.6.1 21G93
    [32m•[39m Bank’s iPhone (mobile)          • 00008120-001865260ADB401E            • ios            • iOS 18.1 22B83
    [32m•[39m iPhone 16 Pro (mobile)          • 450A5FFA-31FA-435E-9A65-E60B427E7C09 • ios            • com.apple.CoreSimulator.SimRuntime.iOS-18-1 (simulator)
    [32m•[39m macOS (desktop)                 • macos                                • darwin-arm64   • macOS 15.1.1 24B91 darwin-arm64
    [32m•[39m Mac Designed for iPad (desktop) • mac-designed-for-ipad                • darwin         • macOS 15.1.1 24B91 darwin-arm64
    [32m•[39m Chrome (web)                    • chrome                               • web-javascript • Google Chrome 131.0.6778.85

[32m[✓][39m Network resources
    [32m•[39m All expected network resources are available.

[32m•[39m No issues found!
```
